android/app/build/intermediates/manifest_merge_blame_file/debug/manifest-merger-blame-debug-report.txt
1<?xml version="1.0" encoding="utf-8"?>
2<manifest xmlns:android="http://schemas.android.com/apk/res/android"
3    package="com.movies"
4    android:versionCode="1"
5    android:versionName="1.0" >
6
7    <uses-sdk
8        android:minSdkVersion="21"
9        android:targetSdkVersion="29" />
10
11    <uses-permission android:name="android.permission.SYSTEM_ALERT_WINDOW" />
11-->src/debug/AndroidManifest.xml:5:5-77
11-->src/debug/AndroidManifest.xml:5:22-75
12    <uses-permission android:name="android.permission.INTERNET" />
12-->src/main/AndroidManifest.xml:3:3-65
12-->src/main/AndroidManifest.xml:3:20-62
13    <uses-permission android:name="android.permission.ACCESS_WIFI_STATE" />
13-->[com.facebook.flipper:flipper:0.54.0] AndroidManifest.xml:16:5-76
13-->[com.facebook.flipper:flipper:0.54.0] AndroidManifest.xml:16:22-73
14
15    <application
15-->src/main/AndroidManifest.xml:5:3-13:17
16        android:name="com.movies.MainApplication"
16-->src/main/AndroidManifest.xml:5:16-47
17        android:allowBackup="false"
17-->src/main/AndroidManifest.xml:5:162-189
18        android:appComponentFactory="androidx.core.app.CoreComponentFactory"
18-->[androidx.core:core:1.3.1] AndroidManifest.xml:24:18-86
19        android:debuggable="true"
20        android:icon="@mipmap/ic_launcher"
20-->src/main/AndroidManifest.xml:5:81-115
21        android:label="@string/app_name"
21-->src/main/AndroidManifest.xml:5:48-80
22        android:roundIcon="@mipmap/ic_launcher_round"
22-->src/main/AndroidManifest.xml:5:116-161
23        android:theme="@style/AppTheme"
23-->src/main/AndroidManifest.xml:5:190-221
24        android:usesCleartextTraffic="true" >
24-->src/debug/AndroidManifest.xml:7:18-53
25        <activity
25-->src/main/AndroidManifest.xml:6:5-11:16
26            android:name="com.movies.MainActivity"
26-->src/main/AndroidManifest.xml:6:15-43
27            android:configChanges="keyboard|keyboardHidden|orientation|screenSize|uiMode"
27-->src/main/AndroidManifest.xml:6:112-189
28            android:label="@string/app_name"
28-->src/main/AndroidManifest.xml:6:79-111
29            android:launchMode="singleTask"
29-->src/main/AndroidManifest.xml:6:190-221
30            android:theme="@style/SplashTheme"
30-->src/main/AndroidManifest.xml:6:44-78
31            android:windowSoftInputMode="adjustResize" >
31-->src/main/AndroidManifest.xml:6:222-264
32            <intent-filter>
32-->src/main/AndroidManifest.xml:7:7-10:23
33                <action android:name="android.intent.action.MAIN" />
33-->src/main/AndroidManifest.xml:8:9-61
33-->src/main/AndroidManifest.xml:8:17-58
34
35                <category android:name="android.intent.category.LAUNCHER" />
35-->src/main/AndroidManifest.xml:9:9-69
35-->src/main/AndroidManifest.xml:9:19-66
36            </intent-filter>
37        </activity>
38        <activity android:name="com.facebook.react.devsupport.DevSettingsActivity" />
38-->src/main/AndroidManifest.xml:12:5-82
38-->src/main/AndroidManifest.xml:12:15-79
39
40        <provider
40-->[:react-native-image-picker] AndroidManifest.xml:12:9-20:20
41            android:name="com.imagepicker.ImagePickerProvider"
41-->[:react-native-image-picker] AndroidManifest.xml:13:13-63
42            android:authorities="com.movies.imagepickerprovider"
42-->[:react-native-image-picker] AndroidManifest.xml:14:13-71
43            android:exported="false"
43-->[:react-native-image-picker] AndroidManifest.xml:15:13-37
44            android:grantUriPermissions="true" >
44-->[:react-native-image-picker] AndroidManifest.xml:16:13-47
45            <meta-data
45-->[:react-native-image-picker] AndroidManifest.xml:17:13-19:70
46                android:name="android.support.FILE_PROVIDER_PATHS"
46-->[:react-native-image-picker] AndroidManifest.xml:18:17-67
47                android:resource="@xml/imagepicker_provider_paths" />
47-->[:react-native-image-picker] AndroidManifest.xml:19:17-67
48        </provider>
49    </application>
50
51</manifest>